<?xml version="1.0" encoding="UTF-8"?>
<robot generator="Robot 3.2.1 (Python 3.7.4 on win32)" generated="20200715 21:19:07.619" rpa="false">
<suite id="s1" name="Demo" source="D:\RF\test\demo.robot">
<test id="s1-t1" name="test">
<kw name="Log" library="BuiltIn">
<doc>Logs the given message with the given level.</doc>
<arguments>
<arg>你好</arg>
</arguments>
<msg timestamp="20200715 21:19:07.657" level="INFO">你好</msg>
<status status="PASS" starttime="20200715 21:19:07.656" endtime="20200715 21:19:07.657"></status>
</kw>
<status status="PASS" starttime="20200715 21:19:07.656" endtime="20200715 21:19:07.658" critical="yes"></status>
</test>
<status status="PASS" starttime="20200715 21:19:07.622" endtime="20200715 21:19:07.660"></status>
</suite>
<statistics>
<total>
<stat pass="1" fail="0">Critical Tests</stat>
<stat pass="1" fail="0">All Tests</stat>
</total>
<tag>
</tag>
<suite>
<stat pass="1" fail="0" id="s1" name="Demo">Demo</stat>
</suite>
</statistics>
<errors>
</errors>
</robot>
